time="2022-07-15 16:38:56" level=info msg=simretina/v1.0.0 func=main.main file="main.go:14"
time="2022-07-15 16:38:56" level=info msg="{\n\t\"Msg\":\"\",\n\t\"StatusCode\":\"0\",\n\t\"Token\":\"eyJhbGciOiJIUzI1NiJ9.eyJwYXNzd29yZCI6IjEyMzQ1NiIsInVzZXJOYW1lIjoiem5oIiwiZXhwIjoxNjU3ODgxNTM2LCJkZXZpY2VJZCI6IjQ0MDMwMTAwMDAxNDAwMDAwMDAxIn0.TtCIzvBzndAVKQfObiExlukQ_lEthXCAN0HsyjcIDEE\"\n}" func=simretina/core/apis.Login file="apis.go:39"
time="2022-07-15 16:38:56" level=info msg="{\n\t\"Msg\":\"操作成功\",\n\t\"StatusCode\":\"0\"\n}" func=simretina/core/apis.Logout file="apis.go:69"
time="2022-07-15 16:38:56" level=info msg="{\n\t\"Msg\":\"操作成功\",\n\t\"StatusCode\":\"0\"\n}" func=simretina/core/apis.Keepalive file="apis.go:97"
time="2022-07-15 16:38:56" level=info msg="&{YYYY-MM-DD hh:mm:ss.ss     }" func=simretina/core/apis.DeviceStatus file="apis.go:134"
time="2022-07-15 16:38:56" level=info msg="{\n\t\"timestamp\":\"2022-07-15 16:38:56\",\n\t\"status\":404,\n\t\"error\":\"Not Found\",\n\t\"path\":\"/api/v1/szswm/DeviceStatus\"\n}" func=simretina/core/apis.DeviceStatus file="apis.go:148"
time="2022-07-15 16:38:56" level=info msg="{\n\t\"code\":500,\n\t\"data\":null,\n\t\"msg\":\"该设备尚未建立连接\",\n\t\"traceMessage\":\"\"\n}" func=simretina/core/apis.AlgModelUpdate file="apis.go:375"
time="2022-07-15 16:38:56" level=info msg="{\n\t\"code\":500,\n\t\"data\":null,\n\t\"msg\":\"该设备尚未建立连接\",\n\t\"traceMessage\":\"\"\n}" func=simretina/core/apis.AlgResultQuery file="apis.go:397"
time="2022-07-15 16:38:56" level=info msg="{\n\t\"code\":500,\n\t\"data\":null,\n\t\"msg\":\"该设备尚未建立连接\",\n\t\"traceMessage\":\"\"\n}" func=simretina/core/apis.AlgModelDelete file="apis.go:417"
time="2022-07-15 16:38:56" level=info msg="{\n\t\"code\":500,\n\t\"data\":null,\n\t\"msg\":\"该设备尚未建立连接\",\n\t\"traceMessage\":\"\"\n}" func=simretina/core/apis.BaseConfig file="apis.go:437"
time="2022-07-15 16:38:56" level=info msg="{\n\t\"code\":500,\n\t\"data\":null,\n\t\"msg\":\"该设备尚未建立连接\",\n\t\"traceMessage\":\"\"\n}" func=simretina/core/apis.DeviceRestart file="apis.go:459"
time="2022-07-15 16:38:56" level=info msg="{\n\t\"code\":500,\n\t\"data\":null,\n\t\"msg\":\"该设备尚未建立连接\",\n\t\"traceMessage\":\"\"\n}" func=simretina/core/apis.DeviceShutDown file="apis.go:479"
time="2022-07-15 16:38:56" level=info msg="{\n\t\"code\":500,\n\t\"data\":null,\n\t\"msg\":\"该设备尚未建立连接\",\n\t\"traceMessage\":\"\"\n}" func=simretina/core/apis.DeviceStatusQuery file="apis.go:499"
time="2022-07-15 16:38:56" level=info msg="{\n\t\"code\":500,\n\t\"data\":null,\n\t\"msg\":\"该设备尚未建立连接\",\n\t\"traceMessage\":\"\"\n}" func=simretina/core/apis.Extend file="apis.go:519"
time="2022-07-15 16:38:57" level=info msg="{\n\t\"code\":500,\n\t\"data\":null,\n\t\"msg\":\"该设备尚未建立连接\",\n\t\"traceMessage\":\"\"\n}" func=simretina/core/apis.FunctionDefine file="apis.go:539"
time="2022-07-15 16:38:57" level=info msg="{\n\t\"code\":500,\n\t\"data\":null,\n\t\"msg\":\"该设备尚未建立连接\",\n\t\"traceMessage\":\"\"\n}" func=simretina/core/apis.ImageQuery file="apis.go:559"
time="2022-07-15 16:38:57" level=info msg="{\n\t\"code\":500,\n\t\"data\":null,\n\t\"msg\":\"该设备尚未建立连接\",\n\t\"traceMessage\":\"\"\n}" func=simretina/core/apis.Transcode file="apis.go:579"
time="2022-07-15 16:38:57" level=info msg="{\n\t\"code\":500,\n\t\"data\":null,\n\t\"msg\":\"该设备尚未建立连接\",\n\t\"traceMessage\":\"\"\n}" func=simretina/core/apis.VideoQuery file="apis.go:599"
time="2022-07-15 16:38:57" level=info msg="{\n\t\"code\":500,\n\t\"data\":null,\n\t\"msg\":\"Required request body is missing: public com.xw.szswm.dto.szswm.report.response.FeatureDataResponse com.xw.szswm.controller.SzswmReportController.featureData(byte[])\",\n\t\"traceMessage\":\"\"\n}" func=simretina/core/apis.Data file="apis.go:169"
time="2022-07-15 16:38:57" level=info msg="{\n\t\"Msg\":\"操作成功\",\n\t\"StatusCode\":\"0\"\n}" func=simretina/core/apis.FeatureInfo file="apis.go:190"
time="2022-07-15 16:38:57" level=info msg="{\n\t\"code\":500,\n\t\"data\":null,\n\t\"msg\":\"Required request body is missing: public com.xw.szswm.dto.szswm.CommonResponse com.xw.szswm.controller.SzswmReportController.imageInfo(com.xw.szswm.dto.szswm.report.request.ImageInfo)\",\n\t\"traceMessage\":\"\"\n}" func=simretina/core/apis.ImageInfo file="apis.go:211"
time="2022-07-15 16:38:57" level=info msg="{\n\t\"code\":500,\n\t\"data\":null,\n\t\"msg\":\"Required request body is missing: public com.xw.szswm.dto.szswm.report.response.ImagesDataResponse com.xw.szswm.controller.SzswmReportController.imagesData(byte[])\",\n\t\"traceMessage\":\"\"\n}" func=simretina/core/apis.ImagesData file="apis.go:230"
time="2022-07-15 16:38:57" level=info func=simretina/core/apis.ModelQuery file="apis.go:250"
time="2022-07-15 16:38:57" level=info msg="{\n\t\"Msg\":\"操作成功\",\n\t\"StatusCode\":\"0\"\n}" func=simretina/core/apis.AlgStatus file="apis.go:272"
time="2022-07-15 16:38:57" level=info msg="{\n\t\"Msg\":\"操作成功\",\n\t\"StatusCode\":\"0\"\n}" func=simretina/core/apis.TranscodeStatus file="apis.go:294"
time="2022-07-15 16:38:57" level=info msg="{\n\t\"code\":500,\n\t\"data\":null,\n\t\"msg\":\"JSON parse error: Text '44030100001400000001' could not be parsed at index 0; nested exception is com.alibaba.fastjson.JSONException: Text '44030100001400000001' could not be parsed at index 0\",\n\t\"traceMessage\":\"\"\n}" func=simretina/core/apis.ExtendData file="apis.go:314"
time="2022-07-15 16:38:57" level=info msg="{\n\t\"code\":500,\n\t\"data\":null,\n\t\"msg\":\"HV000030: No validator could be found for constraint 'javax.validation.constraints.NotBlank' validating type 'java.lang.Double'. Check configuration for 'videoLen'\",\n\t\"traceMessage\":\"\"\n}" func=simretina/core/apis.VideoSliceInfo file="apis.go:334"
time="2022-07-15 16:38:57" level=info msg="{\n\t\"code\":500,\n\t\"data\":null,\n\t\"msg\":\"Required request body is missing: public com.xw.szswm.dto.szswm.CommonResponse com.xw.szswm.controller.SzswmReportController.videoSliceInfo(com.xw.szswm.dto.szswm.report.request.VideoSliceInfo)\",\n\t\"traceMessage\":\"\"\n}" func=simretina/core/apis.VideoSlicesData file="apis.go:353"
time="2022-07-15 17:05:50" level=info msg=simretina/v1.0.0 func=main.main file="main.go:15"
time="2022-07-15 17:05:50" level=info msg="{\n\t\"Msg\":\"\",\n\t\"StatusCode\":\"0\",\n\t\"Token\":\"eyJhbGciOiJIUzI1NiJ9.eyJwYXNzd29yZCI6IjEyMzQ1NiIsInVzZXJOYW1lIjoiem5oIiwiZXhwIjoxNjU3ODgzMTUwLCJkZXZpY2VJZCI6IjQ0MDMwMTAwMDAxNDAwMDAwMDAxIn0.Lt62jcnyxEjHYQK7w23THS88uftFF4noIlrywJMpKgA\"\n}" func=simretina/core/apis.Login file="apis.go:39"
time="2022-07-15 17:05:50" level=info msg="{\n\t\"Msg\":\"操作成功\",\n\t\"StatusCode\":\"0\"\n}" func=simretina/core/apis.Logout file="apis.go:69"
time="2022-07-15 17:05:50" level=info msg="{\n\t\"Msg\":\"操作成功\",\n\t\"StatusCode\":\"0\"\n}" func=simretina/core/apis.Keepalive file="apis.go:97"
time="2022-07-15 17:05:50" level=info msg="&{YYYY-MM-DD hh:mm:ss.ss     }" func=simretina/core/apis.DeviceStatus file="apis.go:134"
time="2022-07-15 17:05:50" level=info msg="{\n\t\"timestamp\":\"2022-07-15 17:05:50\",\n\t\"status\":404,\n\t\"error\":\"Not Found\",\n\t\"path\":\"/api/v1/szswm/DeviceStatus\"\n}" func=simretina/core/apis.DeviceStatus file="apis.go:148"
time="2022-07-15 17:05:50" level=info msg="{\n\t\"code\":500,\n\t\"data\":null,\n\t\"msg\":\"该设备尚未建立连接\",\n\t\"traceMessage\":\"\"\n}" func=simretina/core/apis.AlgModelUpdate file="apis.go:375"
time="2022-07-15 17:05:50" level=info msg="{\n\t\"code\":500,\n\t\"data\":null,\n\t\"msg\":\"该设备尚未建立连接\",\n\t\"traceMessage\":\"\"\n}" func=simretina/core/apis.AlgResultQuery file="apis.go:397"
time="2022-07-15 17:05:50" level=info msg="{\n\t\"code\":500,\n\t\"data\":null,\n\t\"msg\":\"该设备尚未建立连接\",\n\t\"traceMessage\":\"\"\n}" func=simretina/core/apis.AlgModelDelete file="apis.go:417"
time="2022-07-15 17:05:50" level=info msg="{\n\t\"code\":500,\n\t\"data\":null,\n\t\"msg\":\"该设备尚未建立连接\",\n\t\"traceMessage\":\"\"\n}" func=simretina/core/apis.BaseConfig file="apis.go:437"
time="2022-07-15 17:05:50" level=info msg="{\n\t\"code\":500,\n\t\"data\":null,\n\t\"msg\":\"该设备尚未建立连接\",\n\t\"traceMessage\":\"\"\n}" func=simretina/core/apis.DeviceRestart file="apis.go:459"
time="2022-07-15 17:05:50" level=info msg="{\n\t\"code\":500,\n\t\"data\":null,\n\t\"msg\":\"该设备尚未建立连接\",\n\t\"traceMessage\":\"\"\n}" func=simretina/core/apis.DeviceShutDown file="apis.go:479"
time="2022-07-15 17:05:50" level=info msg="{\n\t\"code\":500,\n\t\"data\":null,\n\t\"msg\":\"该设备尚未建立连接\",\n\t\"traceMessage\":\"\"\n}" func=simretina/core/apis.DeviceStatusQuery file="apis.go:499"
time="2022-07-15 17:05:51" level=info msg="{\n\t\"code\":500,\n\t\"data\":null,\n\t\"msg\":\"该设备尚未建立连接\",\n\t\"traceMessage\":\"\"\n}" func=simretina/core/apis.Extend file="apis.go:519"
time="2022-07-15 17:05:51" level=info msg="{\n\t\"code\":500,\n\t\"data\":null,\n\t\"msg\":\"该设备尚未建立连接\",\n\t\"traceMessage\":\"\"\n}" func=simretina/core/apis.FunctionDefine file="apis.go:539"
time="2022-07-15 17:05:51" level=info msg="{\n\t\"code\":500,\n\t\"data\":null,\n\t\"msg\":\"该设备尚未建立连接\",\n\t\"traceMessage\":\"\"\n}" func=simretina/core/apis.ImageQuery file="apis.go:559"
time="2022-07-15 17:05:51" level=info msg="{\n\t\"code\":500,\n\t\"data\":null,\n\t\"msg\":\"该设备尚未建立连接\",\n\t\"traceMessage\":\"\"\n}" func=simretina/core/apis.Transcode file="apis.go:579"
time="2022-07-15 17:05:51" level=info msg="{\n\t\"code\":500,\n\t\"data\":null,\n\t\"msg\":\"该设备尚未建立连接\",\n\t\"traceMessage\":\"\"\n}" func=simretina/core/apis.VideoQuery file="apis.go:599"
time="2022-07-15 17:05:51" level=info msg="{\n\t\"code\":500,\n\t\"data\":null,\n\t\"msg\":\"Required request body is missing: public com.xw.szswm.dto.szswm.report.response.FeatureDataResponse com.xw.szswm.controller.SzswmReportController.featureData(byte[])\",\n\t\"traceMessage\":\"\"\n}" func=simretina/core/apis.Data file="apis.go:169"
time="2022-07-15 17:05:51" level=info msg="{\n\t\"Msg\":\"操作成功\",\n\t\"StatusCode\":\"0\"\n}" func=simretina/core/apis.FeatureInfo file="apis.go:190"
time="2022-07-15 17:05:51" level=info msg="{\n\t\"code\":500,\n\t\"data\":null,\n\t\"msg\":\"Required request body is missing: public com.xw.szswm.dto.szswm.CommonResponse com.xw.szswm.controller.SzswmReportController.imageInfo(com.xw.szswm.dto.szswm.report.request.ImageInfo)\",\n\t\"traceMessage\":\"\"\n}" func=simretina/core/apis.ImageInfo file="apis.go:211"
time="2022-07-15 17:05:51" level=info msg="{\n\t\"code\":500,\n\t\"data\":null,\n\t\"msg\":\"Required request body is missing: public com.xw.szswm.dto.szswm.report.response.ImagesDataResponse com.xw.szswm.controller.SzswmReportController.imagesData(byte[])\",\n\t\"traceMessage\":\"\"\n}" func=simretina/core/apis.ImagesData file="apis.go:230"
time="2022-07-15 17:05:51" level=info func=simretina/core/apis.ModelQuery file="apis.go:250"
time="2022-07-15 17:05:51" level=info msg="{\n\t\"Msg\":\"操作成功\",\n\t\"StatusCode\":\"0\"\n}" func=simretina/core/apis.AlgStatus file="apis.go:272"
time="2022-07-15 17:05:51" level=info msg="{\n\t\"Msg\":\"操作成功\",\n\t\"StatusCode\":\"0\"\n}" func=simretina/core/apis.TranscodeStatus file="apis.go:294"
time="2022-07-15 17:05:51" level=info msg="{\n\t\"code\":500,\n\t\"data\":null,\n\t\"msg\":\"JSON parse error: Text '44030100001400000001' could not be parsed at index 0; nested exception is com.alibaba.fastjson.JSONException: Text '44030100001400000001' could not be parsed at index 0\",\n\t\"traceMessage\":\"\"\n}" func=simretina/core/apis.ExtendData file="apis.go:314"
time="2022-07-15 17:05:51" level=info msg="{\n\t\"code\":500,\n\t\"data\":null,\n\t\"msg\":\"HV000030: No validator could be found for constraint 'javax.validation.constraints.NotBlank' validating type 'java.lang.Double'. Check configuration for 'videoLen'\",\n\t\"traceMessage\":\"\"\n}" func=simretina/core/apis.VideoSliceInfo file="apis.go:334"
time="2022-07-15 17:05:51" level=info msg="{\n\t\"code\":500,\n\t\"data\":null,\n\t\"msg\":\"Required request body is missing: public com.xw.szswm.dto.szswm.CommonResponse com.xw.szswm.controller.SzswmReportController.videoSliceInfo(com.xw.szswm.dto.szswm.report.request.VideoSliceInfo)\",\n\t\"traceMessage\":\"\"\n}" func=simretina/core/apis.VideoSlicesData file="apis.go:353"
time="2022-07-15 17:05:51" level=info msg="读取配置" func=go.pfgit.cn/letsgo/xdev.ReadConfig file="xconfig.go:41" configFile=./configs/config.toml
time="2022-07-15 17:05:51" level=info msg="字段tag信息:{key:common.db_conn commit:false defaultValue: structField:{Name: PkgPath: Type:<nil> Tag: Offset:0 Index:[] Anonymous:false} fieldValue:{typ:<nil> ptr:<nil> flag:0} sysConfig:false notNull:false}" func=go.pfgit.cn/letsgo/xdev.readStructTagInfo file="xconfig.go:262"
time="2022-07-15 17:05:51" level=info msg="字段tag信息:{key:common.log_level commit:true defaultValue:INFO structField:{Name: PkgPath: Type:<nil> Tag: Offset:0 Index:[] Anonymous:false} fieldValue:{typ:<nil> ptr:<nil> flag:0} sysConfig:false notNull:false}" func=go.pfgit.cn/letsgo/xdev.readStructTagInfo file="xconfig.go:262"
time="2022-07-15 17:05:51" level=info msg="字段tag信息:{key:common.host_port commit:true defaultValue:http://172.16.1.101:30082 structField:{Name: PkgPath: Type:<nil> Tag: Offset:0 Index:[] Anonymous:false} fieldValue:{typ:<nil> ptr:<nil> flag:0} sysConfig:false notNull:false}" func=go.pfgit.cn/letsgo/xdev.readStructTagInfo file="xconfig.go:262"
time="2022-07-15 17:05:51" level=info msg="ConnStr=titan/xianwei@127.0.0.1:3306@titandb" func=go.pfgit.cn/letsgo/xdev.ReadConfig file="xconfig.go:146"
time="2022-07-15 17:05:51" level=info msg="Open db" func="go.pfgit.cn/letsgo/xdev.(*XDB).Open" file="xdb.go:54" dataSourceName="titan:xianwei@tcp(127.0.0.1:3306)/titandb?checkConnLiveness=false&maxAllowedPacket=0" driverName=mysql
time="2022-07-15 17:05:51" level=info msg="Open db success!" func="go.pfgit.cn/letsgo/xdev.(*XDB).Open" file="xdb.go:60"
time="2022-07-15 17:05:51" level=info msg="Query sql:select conf_key,conf_value from sys_module_config where module_name='simretina'" func="go.pfgit.cn/letsgo/xdev.(*XDB).Query" file="xdb.go:78" args="[]"
time="2022-07-15 17:05:52" level=error msg="Error 1045: Access denied for user 'titan'@'localhost' (using password: YES)" func="go.pfgit.cn/letsgo/xdev.(*XDB).Query" file="xdb.go:88"
time="2022-07-15 17:06:34" level=info msg=simretina/v1.0.0 func=main.main file="main.go:15"
time="2022-07-15 17:06:35" level=info msg="{\n\t\"Msg\":\"\",\n\t\"StatusCode\":\"0\",\n\t\"Token\":\"eyJhbGciOiJIUzI1NiJ9.eyJwYXNzd29yZCI6IjEyMzQ1NiIsInVzZXJOYW1lIjoiem5oIiwiZXhwIjoxNjU3ODgzMTk1LCJkZXZpY2VJZCI6IjQ0MDMwMTAwMDAxNDAwMDAwMDAxIn0.cZff5Npb5riAVMFQBoC-yutlckVT-q7CWTMyjyu5qXQ\"\n}" func=simretina/core/apis.Login file="apis.go:39"
time="2022-07-15 17:06:35" level=info msg="{\n\t\"Msg\":\"操作成功\",\n\t\"StatusCode\":\"0\"\n}" func=simretina/core/apis.Logout file="apis.go:69"
time="2022-07-15 17:06:35" level=info msg="{\n\t\"Msg\":\"操作成功\",\n\t\"StatusCode\":\"0\"\n}" func=simretina/core/apis.Keepalive file="apis.go:97"
time="2022-07-15 17:06:35" level=info msg="&{YYYY-MM-DD hh:mm:ss.ss     }" func=simretina/core/apis.DeviceStatus file="apis.go:134"
time="2022-07-15 17:06:35" level=info msg="{\n\t\"timestamp\":\"2022-07-15 17:06:35\",\n\t\"status\":404,\n\t\"error\":\"Not Found\",\n\t\"path\":\"/api/v1/szswm/DeviceStatus\"\n}" func=simretina/core/apis.DeviceStatus file="apis.go:148"
time="2022-07-15 17:06:35" level=info msg="{\n\t\"code\":500,\n\t\"data\":null,\n\t\"msg\":\"该设备尚未建立连接\",\n\t\"traceMessage\":\"\"\n}" func=simretina/core/apis.AlgModelUpdate file="apis.go:375"
time="2022-07-15 17:06:35" level=info msg="{\n\t\"code\":500,\n\t\"data\":null,\n\t\"msg\":\"该设备尚未建立连接\",\n\t\"traceMessage\":\"\"\n}" func=simretina/core/apis.AlgResultQuery file="apis.go:397"
time="2022-07-15 17:06:35" level=info msg="{\n\t\"code\":500,\n\t\"data\":null,\n\t\"msg\":\"该设备尚未建立连接\",\n\t\"traceMessage\":\"\"\n}" func=simretina/core/apis.AlgModelDelete file="apis.go:417"
time="2022-07-15 17:06:35" level=info msg="{\n\t\"code\":500,\n\t\"data\":null,\n\t\"msg\":\"该设备尚未建立连接\",\n\t\"traceMessage\":\"\"\n}" func=simretina/core/apis.BaseConfig file="apis.go:437"
time="2022-07-15 17:06:35" level=info msg="{\n\t\"code\":500,\n\t\"data\":null,\n\t\"msg\":\"该设备尚未建立连接\",\n\t\"traceMessage\":\"\"\n}" func=simretina/core/apis.DeviceRestart file="apis.go:459"
time="2022-07-15 17:06:35" level=info msg="{\n\t\"code\":500,\n\t\"data\":null,\n\t\"msg\":\"该设备尚未建立连接\",\n\t\"traceMessage\":\"\"\n}" func=simretina/core/apis.DeviceShutDown file="apis.go:479"
time="2022-07-15 17:06:35" level=info msg="{\n\t\"code\":500,\n\t\"data\":null,\n\t\"msg\":\"该设备尚未建立连接\",\n\t\"traceMessage\":\"\"\n}" func=simretina/core/apis.DeviceStatusQuery file="apis.go:499"
time="2022-07-15 17:06:35" level=info msg="{\n\t\"code\":500,\n\t\"data\":null,\n\t\"msg\":\"该设备尚未建立连接\",\n\t\"traceMessage\":\"\"\n}" func=simretina/core/apis.Extend file="apis.go:519"
time="2022-07-15 17:06:35" level=info msg="{\n\t\"code\":500,\n\t\"data\":null,\n\t\"msg\":\"该设备尚未建立连接\",\n\t\"traceMessage\":\"\"\n}" func=simretina/core/apis.FunctionDefine file="apis.go:539"
time="2022-07-15 17:06:35" level=info msg="{\n\t\"code\":500,\n\t\"data\":null,\n\t\"msg\":\"该设备尚未建立连接\",\n\t\"traceMessage\":\"\"\n}" func=simretina/core/apis.ImageQuery file="apis.go:559"
time="2022-07-15 17:06:35" level=info msg="{\n\t\"code\":500,\n\t\"data\":null,\n\t\"msg\":\"该设备尚未建立连接\",\n\t\"traceMessage\":\"\"\n}" func=simretina/core/apis.Transcode file="apis.go:579"
time="2022-07-15 17:06:35" level=info msg="{\n\t\"code\":500,\n\t\"data\":null,\n\t\"msg\":\"该设备尚未建立连接\",\n\t\"traceMessage\":\"\"\n}" func=simretina/core/apis.VideoQuery file="apis.go:599"
time="2022-07-15 17:06:35" level=info msg="{\n\t\"code\":500,\n\t\"data\":null,\n\t\"msg\":\"Required request body is missing: public com.xw.szswm.dto.szswm.report.response.FeatureDataResponse com.xw.szswm.controller.SzswmReportController.featureData(byte[])\",\n\t\"traceMessage\":\"\"\n}" func=simretina/core/apis.Data file="apis.go:169"
time="2022-07-15 17:06:35" level=info msg="{\n\t\"Msg\":\"操作成功\",\n\t\"StatusCode\":\"0\"\n}" func=simretina/core/apis.FeatureInfo file="apis.go:190"
time="2022-07-15 17:06:35" level=info msg="{\n\t\"code\":500,\n\t\"data\":null,\n\t\"msg\":\"Required request body is missing: public com.xw.szswm.dto.szswm.CommonResponse com.xw.szswm.controller.SzswmReportController.imageInfo(com.xw.szswm.dto.szswm.report.request.ImageInfo)\",\n\t\"traceMessage\":\"\"\n}" func=simretina/core/apis.ImageInfo file="apis.go:211"
time="2022-07-15 17:06:35" level=info msg="{\n\t\"code\":500,\n\t\"data\":null,\n\t\"msg\":\"Required request body is missing: public com.xw.szswm.dto.szswm.report.response.ImagesDataResponse com.xw.szswm.controller.SzswmReportController.imagesData(byte[])\",\n\t\"traceMessage\":\"\"\n}" func=simretina/core/apis.ImagesData file="apis.go:230"
time="2022-07-15 17:06:35" level=info func=simretina/core/apis.ModelQuery file="apis.go:250"
time="2022-07-15 17:06:35" level=info msg="{\n\t\"Msg\":\"操作成功\",\n\t\"StatusCode\":\"0\"\n}" func=simretina/core/apis.AlgStatus file="apis.go:272"
time="2022-07-15 17:06:35" level=info msg="{\n\t\"Msg\":\"操作成功\",\n\t\"StatusCode\":\"0\"\n}" func=simretina/core/apis.TranscodeStatus file="apis.go:294"
time="2022-07-15 17:06:35" level=info msg="{\n\t\"code\":500,\n\t\"data\":null,\n\t\"msg\":\"JSON parse error: Text '44030100001400000001' could not be parsed at index 0; nested exception is com.alibaba.fastjson.JSONException: Text '44030100001400000001' could not be parsed at index 0\",\n\t\"traceMessage\":\"\"\n}" func=simretina/core/apis.ExtendData file="apis.go:314"
time="2022-07-15 17:06:35" level=info msg="{\n\t\"code\":500,\n\t\"data\":null,\n\t\"msg\":\"HV000030: No validator could be found for constraint 'javax.validation.constraints.NotBlank' validating type 'java.lang.Double'. Check configuration for 'videoLen'\",\n\t\"traceMessage\":\"\"\n}" func=simretina/core/apis.VideoSliceInfo file="apis.go:334"
time="2022-07-15 17:06:36" level=info msg="{\n\t\"code\":500,\n\t\"data\":null,\n\t\"msg\":\"Required request body is missing: public com.xw.szswm.dto.szswm.CommonResponse com.xw.szswm.controller.SzswmReportController.videoSliceInfo(com.xw.szswm.dto.szswm.report.request.VideoSliceInfo)\",\n\t\"traceMessage\":\"\"\n}" func=simretina/core/apis.VideoSlicesData file="apis.go:353"
time="2022-07-15 17:06:36" level=info msg="读取配置" func=go.pfgit.cn/letsgo/xdev.ReadConfig file="xconfig.go:41" configFile=./configs/config.toml
time="2022-07-15 17:06:36" level=info msg="字段tag信息:{key:common.db_conn commit:false defaultValue: structField:{Name: PkgPath: Type:<nil> Tag: Offset:0 Index:[] Anonymous:false} fieldValue:{typ:<nil> ptr:<nil> flag:0} sysConfig:false notNull:false}" func=go.pfgit.cn/letsgo/xdev.readStructTagInfo file="xconfig.go:262"
time="2022-07-15 17:06:36" level=info msg="字段tag信息:{key:common.log_level commit:false defaultValue:INFO structField:{Name: PkgPath: Type:<nil> Tag: Offset:0 Index:[] Anonymous:false} fieldValue:{typ:<nil> ptr:<nil> flag:0} sysConfig:false notNull:false}" func=go.pfgit.cn/letsgo/xdev.readStructTagInfo file="xconfig.go:262"
time="2022-07-15 17:06:36" level=info msg="字段tag信息:{key:common.host_port commit:false defaultValue:http://172.16.1.101:30082 structField:{Name: PkgPath: Type:<nil> Tag: Offset:0 Index:[] Anonymous:false} fieldValue:{typ:<nil> ptr:<nil> flag:0} sysConfig:false notNull:false}" func=go.pfgit.cn/letsgo/xdev.readStructTagInfo file="xconfig.go:262"
time="2022-07-15 17:06:36" level=info msg="ConnStr=titan/xianwei@127.0.0.1:3306@titandb" func=go.pfgit.cn/letsgo/xdev.ReadConfig file="xconfig.go:146"
time="2022-07-15 17:10:36" level=info msg=simretina/v1.0.0 func=main.main file="main.go:16"
time="2022-07-15 17:10:36" level=info msg="{\n\t\"Msg\":\"\",\n\t\"StatusCode\":\"0\",\n\t\"Token\":\"eyJhbGciOiJIUzI1NiJ9.eyJwYXNzd29yZCI6IjEyMzQ1NiIsInVzZXJOYW1lIjoiem5oIiwiZXhwIjoxNjU3ODgzNDM2LCJkZXZpY2VJZCI6IjQ0MDMwMTAwMDAxNDAwMDAwMDAxIn0.PA59Y_VgCEvaQa8ho5LgyICKWdqE3aB5KQkT5ws9eT4\"\n}" func=simretina/core/apis.Login file="apis.go:39"
time="2022-07-15 17:10:36" level=info msg="{\n\t\"Msg\":\"操作成功\",\n\t\"StatusCode\":\"0\"\n}" func=simretina/core/apis.Logout file="apis.go:69"
time="2022-07-15 17:10:37" level=info msg="{\n\t\"Msg\":\"操作成功\",\n\t\"StatusCode\":\"0\"\n}" func=simretina/core/apis.Keepalive file="apis.go:97"
time="2022-07-15 17:10:37" level=info msg="&{YYYY-MM-DD hh:mm:ss.ss     }" func=simretina/core/apis.DeviceStatus file="apis.go:134"
time="2022-07-15 17:10:37" level=info msg="{\n\t\"timestamp\":\"2022-07-15 17:10:37\",\n\t\"status\":404,\n\t\"error\":\"Not Found\",\n\t\"path\":\"/api/v1/szswm/DeviceStatus\"\n}" func=simretina/core/apis.DeviceStatus file="apis.go:148"
time="2022-07-15 17:10:37" level=info msg="{\n\t\"code\":500,\n\t\"data\":null,\n\t\"msg\":\"该设备尚未建立连接\",\n\t\"traceMessage\":\"\"\n}" func=simretina/core/apis.AlgModelUpdate file="apis.go:375"
time="2022-07-15 17:10:37" level=info msg="{\n\t\"code\":500,\n\t\"data\":null,\n\t\"msg\":\"该设备尚未建立连接\",\n\t\"traceMessage\":\"\"\n}" func=simretina/core/apis.AlgResultQuery file="apis.go:397"
time="2022-07-15 17:10:37" level=info msg="{\n\t\"code\":500,\n\t\"data\":null,\n\t\"msg\":\"该设备尚未建立连接\",\n\t\"traceMessage\":\"\"\n}" func=simretina/core/apis.AlgModelDelete file="apis.go:417"
time="2022-07-15 17:10:37" level=info msg="{\n\t\"code\":500,\n\t\"data\":null,\n\t\"msg\":\"该设备尚未建立连接\",\n\t\"traceMessage\":\"\"\n}" func=simretina/core/apis.BaseConfig file="apis.go:437"
time="2022-07-15 17:10:37" level=info msg="{\n\t\"code\":500,\n\t\"data\":null,\n\t\"msg\":\"该设备尚未建立连接\",\n\t\"traceMessage\":\"\"\n}" func=simretina/core/apis.DeviceRestart file="apis.go:459"
time="2022-07-15 17:10:37" level=info msg="{\n\t\"code\":500,\n\t\"data\":null,\n\t\"msg\":\"该设备尚未建立连接\",\n\t\"traceMessage\":\"\"\n}" func=simretina/core/apis.DeviceShutDown file="apis.go:479"
time="2022-07-15 17:10:37" level=info msg="{\n\t\"code\":500,\n\t\"data\":null,\n\t\"msg\":\"该设备尚未建立连接\",\n\t\"traceMessage\":\"\"\n}" func=simretina/core/apis.DeviceStatusQuery file="apis.go:499"
time="2022-07-15 17:10:37" level=info msg="{\n\t\"code\":500,\n\t\"data\":null,\n\t\"msg\":\"该设备尚未建立连接\",\n\t\"traceMessage\":\"\"\n}" func=simretina/core/apis.Extend file="apis.go:519"
time="2022-07-15 17:10:37" level=info msg="{\n\t\"code\":500,\n\t\"data\":null,\n\t\"msg\":\"该设备尚未建立连接\",\n\t\"traceMessage\":\"\"\n}" func=simretina/core/apis.FunctionDefine file="apis.go:539"
time="2022-07-15 17:10:37" level=info msg="{\n\t\"code\":500,\n\t\"data\":null,\n\t\"msg\":\"该设备尚未建立连接\",\n\t\"traceMessage\":\"\"\n}" func=simretina/core/apis.ImageQuery file="apis.go:559"
time="2022-07-15 17:10:37" level=info msg="{\n\t\"code\":500,\n\t\"data\":null,\n\t\"msg\":\"该设备尚未建立连接\",\n\t\"traceMessage\":\"\"\n}" func=simretina/core/apis.Transcode file="apis.go:579"
time="2022-07-15 17:10:37" level=info msg="{\n\t\"code\":500,\n\t\"data\":null,\n\t\"msg\":\"该设备尚未建立连接\",\n\t\"traceMessage\":\"\"\n}" func=simretina/core/apis.VideoQuery file="apis.go:599"
time="2022-07-15 17:10:37" level=info msg="{\n\t\"code\":500,\n\t\"data\":null,\n\t\"msg\":\"Required request body is missing: public com.xw.szswm.dto.szswm.report.response.FeatureDataResponse com.xw.szswm.controller.SzswmReportController.featureData(byte[])\",\n\t\"traceMessage\":\"\"\n}" func=simretina/core/apis.Data file="apis.go:169"
time="2022-07-15 17:10:37" level=info msg="{\n\t\"Msg\":\"操作成功\",\n\t\"StatusCode\":\"0\"\n}" func=simretina/core/apis.FeatureInfo file="apis.go:190"
time="2022-07-15 17:10:37" level=info msg="{\n\t\"code\":500,\n\t\"data\":null,\n\t\"msg\":\"Required request body is missing: public com.xw.szswm.dto.szswm.CommonResponse com.xw.szswm.controller.SzswmReportController.imageInfo(com.xw.szswm.dto.szswm.report.request.ImageInfo)\",\n\t\"traceMessage\":\"\"\n}" func=simretina/core/apis.ImageInfo file="apis.go:211"
time="2022-07-15 17:10:37" level=info msg="{\n\t\"code\":500,\n\t\"data\":null,\n\t\"msg\":\"Required request body is missing: public com.xw.szswm.dto.szswm.report.response.ImagesDataResponse com.xw.szswm.controller.SzswmReportController.imagesData(byte[])\",\n\t\"traceMessage\":\"\"\n}" func=simretina/core/apis.ImagesData file="apis.go:230"
time="2022-07-15 17:10:37" level=info func=simretina/core/apis.ModelQuery file="apis.go:250"
time="2022-07-15 17:10:37" level=info msg="{\n\t\"Msg\":\"操作成功\",\n\t\"StatusCode\":\"0\"\n}" func=simretina/core/apis.AlgStatus file="apis.go:272"
time="2022-07-15 17:10:37" level=info msg="{\n\t\"Msg\":\"操作成功\",\n\t\"StatusCode\":\"0\"\n}" func=simretina/core/apis.TranscodeStatus file="apis.go:294"
time="2022-07-15 17:10:37" level=info msg="{\n\t\"code\":500,\n\t\"data\":null,\n\t\"msg\":\"JSON parse error: Text '44030100001400000001' could not be parsed at index 0; nested exception is com.alibaba.fastjson.JSONException: Text '44030100001400000001' could not be parsed at index 0\",\n\t\"traceMessage\":\"\"\n}" func=simretina/core/apis.ExtendData file="apis.go:314"
time="2022-07-15 17:10:37" level=info msg="{\n\t\"code\":500,\n\t\"data\":null,\n\t\"msg\":\"HV000030: No validator could be found for constraint 'javax.validation.constraints.NotBlank' validating type 'java.lang.Double'. Check configuration for 'videoLen'\",\n\t\"traceMessage\":\"\"\n}" func=simretina/core/apis.VideoSliceInfo file="apis.go:334"
time="2022-07-15 17:10:37" level=info msg="{\n\t\"code\":500,\n\t\"data\":null,\n\t\"msg\":\"Required request body is missing: public com.xw.szswm.dto.szswm.CommonResponse com.xw.szswm.controller.SzswmReportController.videoSliceInfo(com.xw.szswm.dto.szswm.report.request.VideoSliceInfo)\",\n\t\"traceMessage\":\"\"\n}" func=simretina/core/apis.VideoSlicesData file="apis.go:353"
time="2022-07-15 17:10:37" level=info msg="读取配置" func=go.pfgit.cn/letsgo/xdev.ReadConfig file="xconfig.go:41" configFile=./configs/config.toml
time="2022-07-15 17:10:37" level=info msg="字段tag信息:{key:common.db_conn commit:false defaultValue: structField:{Name: PkgPath: Type:<nil> Tag: Offset:0 Index:[] Anonymous:false} fieldValue:{typ:<nil> ptr:<nil> flag:0} sysConfig:false notNull:false}" func=go.pfgit.cn/letsgo/xdev.readStructTagInfo file="xconfig.go:262"
time="2022-07-15 17:10:37" level=info msg="字段tag信息:{key:common.log_level commit:false defaultValue:INFO structField:{Name: PkgPath: Type:<nil> Tag: Offset:0 Index:[] Anonymous:false} fieldValue:{typ:<nil> ptr:<nil> flag:0} sysConfig:false notNull:false}" func=go.pfgit.cn/letsgo/xdev.readStructTagInfo file="xconfig.go:262"
time="2022-07-15 17:10:37" level=info msg="字段tag信息:{key:common.host_port commit:false defaultValue:http://172.16.1.101:30082 structField:{Name: PkgPath: Type:<nil> Tag: Offset:0 Index:[] Anonymous:false} fieldValue:{typ:<nil> ptr:<nil> flag:0} sysConfig:false notNull:false}" func=go.pfgit.cn/letsgo/xdev.readStructTagInfo file="xconfig.go:262"
time="2022-07-15 17:10:37" level=info msg="ConnStr=titan/xianwei@127.0.0.1:3306@titandb" func=go.pfgit.cn/letsgo/xdev.ReadConfig file="xconfig.go:146"
time="2022-07-15 17:12:55" level=info msg=simretina/v1.0.0 func=main.main file="main.go:15"
time="2022-07-15 17:12:55" level=info msg="读取配置" func=go.pfgit.cn/letsgo/xdev.ReadConfig file="xconfig.go:41" configFile=./configs/config.toml
time="2022-07-15 17:12:55" level=info msg="字段tag信息:{key:common.db_conn commit:false defaultValue: structField:{Name: PkgPath: Type:<nil> Tag: Offset:0 Index:[] Anonymous:false} fieldValue:{typ:<nil> ptr:<nil> flag:0} sysConfig:false notNull:false}" func=go.pfgit.cn/letsgo/xdev.readStructTagInfo file="xconfig.go:262"
time="2022-07-15 17:12:55" level=info msg="字段tag信息:{key:common.log_level commit:false defaultValue:INFO structField:{Name: PkgPath: Type:<nil> Tag: Offset:0 Index:[] Anonymous:false} fieldValue:{typ:<nil> ptr:<nil> flag:0} sysConfig:false notNull:false}" func=go.pfgit.cn/letsgo/xdev.readStructTagInfo file="xconfig.go:262"
time="2022-07-15 17:12:55" level=info msg="字段tag信息:{key:common.host_port commit:false defaultValue:http://172.16.1.101:30082 structField:{Name: PkgPath: Type:<nil> Tag: Offset:0 Index:[] Anonymous:false} fieldValue:{typ:<nil> ptr:<nil> flag:0} sysConfig:false notNull:false}" func=go.pfgit.cn/letsgo/xdev.readStructTagInfo file="xconfig.go:262"
time="2022-07-15 17:12:55" level=info msg="ConnStr=titan/xianwei@127.0.0.1:3306@titandb" func=go.pfgit.cn/letsgo/xdev.ReadConfig file="xconfig.go:146"
time="2022-07-15 17:12:55" level=info msg="{\n\t\"Msg\":\"\",\n\t\"StatusCode\":\"0\",\n\t\"Token\":\"eyJhbGciOiJIUzI1NiJ9.eyJwYXNzd29yZCI6IjEyMzQ1NiIsInVzZXJOYW1lIjoiem5oIiwiZXhwIjoxNjU3ODgzNTc1LCJkZXZpY2VJZCI6IjQ0MDMwMTAwMDAxNDAwMDAwMDAxIn0.RtolIJlMqSwBTNzus3GykH0ZDlnkysFrJ90JnMn2sNA\"\n}" func=simretina/core/apis.Login file="apis.go:39"
time="2022-07-15 17:12:55" level=info msg="{\n\t\"Msg\":\"操作成功\",\n\t\"StatusCode\":\"0\"\n}" func=simretina/core/apis.Logout file="apis.go:69"
time="2022-07-15 17:12:55" level=info msg="{\n\t\"Msg\":\"操作成功\",\n\t\"StatusCode\":\"0\"\n}" func=simretina/core/apis.Keepalive file="apis.go:97"
time="2022-07-15 17:12:55" level=info msg="&{YYYY-MM-DD hh:mm:ss.ss     }" func=simretina/core/apis.DeviceStatus file="apis.go:134"
time="2022-07-15 17:12:55" level=info msg="{\n\t\"timestamp\":\"2022-07-15 17:12:55\",\n\t\"status\":404,\n\t\"error\":\"Not Found\",\n\t\"path\":\"/api/v1/szswm/DeviceStatus\"\n}" func=simretina/core/apis.DeviceStatus file="apis.go:148"
time="2022-07-15 17:12:55" level=info msg="{\n\t\"code\":500,\n\t\"data\":null,\n\t\"msg\":\"该设备尚未建立连接\",\n\t\"traceMessage\":\"\"\n}" func=simretina/core/apis.AlgModelUpdate file="apis.go:375"
time="2022-07-15 17:12:55" level=info msg="{\n\t\"code\":500,\n\t\"data\":null,\n\t\"msg\":\"该设备尚未建立连接\",\n\t\"traceMessage\":\"\"\n}" func=simretina/core/apis.AlgResultQuery file="apis.go:397"
time="2022-07-15 17:12:55" level=info msg="{\n\t\"code\":500,\n\t\"data\":null,\n\t\"msg\":\"该设备尚未建立连接\",\n\t\"traceMessage\":\"\"\n}" func=simretina/core/apis.AlgModelDelete file="apis.go:417"
time="2022-07-15 17:12:55" level=info msg="{\n\t\"code\":500,\n\t\"data\":null,\n\t\"msg\":\"该设备尚未建立连接\",\n\t\"traceMessage\":\"\"\n}" func=simretina/core/apis.BaseConfig file="apis.go:437"
time="2022-07-15 17:12:56" level=info msg="{\n\t\"code\":500,\n\t\"data\":null,\n\t\"msg\":\"该设备尚未建立连接\",\n\t\"traceMessage\":\"\"\n}" func=simretina/core/apis.DeviceRestart file="apis.go:459"
time="2022-07-15 17:12:56" level=info msg="{\n\t\"code\":500,\n\t\"data\":null,\n\t\"msg\":\"该设备尚未建立连接\",\n\t\"traceMessage\":\"\"\n}" func=simretina/core/apis.DeviceShutDown file="apis.go:479"
time="2022-07-15 17:12:56" level=info msg="{\n\t\"code\":500,\n\t\"data\":null,\n\t\"msg\":\"该设备尚未建立连接\",\n\t\"traceMessage\":\"\"\n}" func=simretina/core/apis.DeviceStatusQuery file="apis.go:499"
time="2022-07-15 17:12:56" level=info msg="{\n\t\"code\":500,\n\t\"data\":null,\n\t\"msg\":\"该设备尚未建立连接\",\n\t\"traceMessage\":\"\"\n}" func=simretina/core/apis.Extend file="apis.go:519"
time="2022-07-15 17:12:56" level=info msg="{\n\t\"code\":500,\n\t\"data\":null,\n\t\"msg\":\"该设备尚未建立连接\",\n\t\"traceMessage\":\"\"\n}" func=simretina/core/apis.FunctionDefine file="apis.go:539"
time="2022-07-15 17:12:56" level=info msg="{\n\t\"code\":500,\n\t\"data\":null,\n\t\"msg\":\"该设备尚未建立连接\",\n\t\"traceMessage\":\"\"\n}" func=simretina/core/apis.ImageQuery file="apis.go:559"
time="2022-07-15 17:12:56" level=info msg="{\n\t\"code\":500,\n\t\"data\":null,\n\t\"msg\":\"该设备尚未建立连接\",\n\t\"traceMessage\":\"\"\n}" func=simretina/core/apis.Transcode file="apis.go:579"
time="2022-07-15 17:12:56" level=info msg="{\n\t\"code\":500,\n\t\"data\":null,\n\t\"msg\":\"该设备尚未建立连接\",\n\t\"traceMessage\":\"\"\n}" func=simretina/core/apis.VideoQuery file="apis.go:599"
time="2022-07-15 17:12:56" level=info msg="{\n\t\"code\":500,\n\t\"data\":null,\n\t\"msg\":\"Required request body is missing: public com.xw.szswm.dto.szswm.report.response.FeatureDataResponse com.xw.szswm.controller.SzswmReportController.featureData(byte[])\",\n\t\"traceMessage\":\"\"\n}" func=simretina/core/apis.Data file="apis.go:169"
time="2022-07-15 17:12:56" level=info msg="{\n\t\"Msg\":\"操作成功\",\n\t\"StatusCode\":\"0\"\n}" func=simretina/core/apis.FeatureInfo file="apis.go:190"
time="2022-07-15 17:12:56" level=info msg="{\n\t\"code\":500,\n\t\"data\":null,\n\t\"msg\":\"Required request body is missing: public com.xw.szswm.dto.szswm.CommonResponse com.xw.szswm.controller.SzswmReportController.imageInfo(com.xw.szswm.dto.szswm.report.request.ImageInfo)\",\n\t\"traceMessage\":\"\"\n}" func=simretina/core/apis.ImageInfo file="apis.go:211"
time="2022-07-15 17:12:56" level=info msg="{\n\t\"code\":500,\n\t\"data\":null,\n\t\"msg\":\"Required request body is missing: public com.xw.szswm.dto.szswm.report.response.ImagesDataResponse com.xw.szswm.controller.SzswmReportController.imagesData(byte[])\",\n\t\"traceMessage\":\"\"\n}" func=simretina/core/apis.ImagesData file="apis.go:230"
time="2022-07-15 17:12:56" level=info func=simretina/core/apis.ModelQuery file="apis.go:250"
time="2022-07-15 17:12:56" level=info msg="{\n\t\"Msg\":\"操作成功\",\n\t\"StatusCode\":\"0\"\n}" func=simretina/core/apis.AlgStatus file="apis.go:272"
time="2022-07-15 17:12:56" level=info msg="{\n\t\"Msg\":\"操作成功\",\n\t\"StatusCode\":\"0\"\n}" func=simretina/core/apis.TranscodeStatus file="apis.go:294"
time="2022-07-15 17:12:56" level=info msg="{\n\t\"code\":500,\n\t\"data\":null,\n\t\"msg\":\"JSON parse error: Text '44030100001400000001' could not be parsed at index 0; nested exception is com.alibaba.fastjson.JSONException: Text '44030100001400000001' could not be parsed at index 0\",\n\t\"traceMessage\":\"\"\n}" func=simretina/core/apis.ExtendData file="apis.go:314"
time="2022-07-15 17:12:56" level=info msg="{\n\t\"code\":500,\n\t\"data\":null,\n\t\"msg\":\"HV000030: No validator could be found for constraint 'javax.validation.constraints.NotBlank' validating type 'java.lang.Double'. Check configuration for 'videoLen'\",\n\t\"traceMessage\":\"\"\n}" func=simretina/core/apis.VideoSliceInfo file="apis.go:334"
time="2022-07-15 17:12:56" level=info msg="{\n\t\"code\":500,\n\t\"data\":null,\n\t\"msg\":\"Required request body is missing: public com.xw.szswm.dto.szswm.CommonResponse com.xw.szswm.controller.SzswmReportController.videoSliceInfo(com.xw.szswm.dto.szswm.report.request.VideoSliceInfo)\",\n\t\"traceMessage\":\"\"\n}" func=simretina/core/apis.VideoSlicesData file="apis.go:353"
time="2022-07-15 17:20:18" level=info msg=simretina/v1.0.0 func=main.main file="main.go:15"
time="2022-07-15 17:20:18" level=info msg="读取配置" func=go.pfgit.cn/letsgo/xdev.ReadConfig file="xconfig.go:41" configFile=./configs/config.toml
time="2022-07-15 17:20:18" level=info msg="字段tag信息:{key:common.db_conn commit:false defaultValue: structField:{Name: PkgPath: Type:<nil> Tag: Offset:0 Index:[] Anonymous:false} fieldValue:{typ:<nil> ptr:<nil> flag:0} sysConfig:false notNull:false}" func=go.pfgit.cn/letsgo/xdev.readStructTagInfo file="xconfig.go:262"
time="2022-07-15 17:20:18" level=info msg="字段tag信息:{key:common.log_level commit:false defaultValue:INFO structField:{Name: PkgPath: Type:<nil> Tag: Offset:0 Index:[] Anonymous:false} fieldValue:{typ:<nil> ptr:<nil> flag:0} sysConfig:false notNull:false}" func=go.pfgit.cn/letsgo/xdev.readStructTagInfo file="xconfig.go:262"
time="2022-07-15 17:20:18" level=info msg="字段tag信息:{key:common.host_port commit:false defaultValue:http://172.16.1.101:30082 structField:{Name: PkgPath: Type:<nil> Tag: Offset:0 Index:[] Anonymous:false} fieldValue:{typ:<nil> ptr:<nil> flag:0} sysConfig:false notNull:false}" func=go.pfgit.cn/letsgo/xdev.readStructTagInfo file="xconfig.go:262"
time="2022-07-15 17:20:18" level=info msg="ConnStr=titan/xianwei@127.0.0.1:3306@titandb" func=go.pfgit.cn/letsgo/xdev.ReadConfig file="xconfig.go:146"
time="2022-07-15 17:20:18" level=info msg="{\n\t\"Msg\":\"\",\n\t\"StatusCode\":\"0\",\n\t\"Token\":\"eyJhbGciOiJIUzI1NiJ9.eyJwYXNzd29yZCI6IjEyMzQ1NiIsInVzZXJOYW1lIjoiem5oIiwiZXhwIjoxNjU3ODg0MDE4LCJkZXZpY2VJZCI6IjQ0MDMwMTAwMDAxNDAwMDAwMDAxIn0.zDDZO-f00uO40W3FoPd0-NrHW1R8kPexiOoIaw-77c4\"\n}" func=simretina/core/apis.Login file="apis.go:41"
time="2022-07-15 17:20:18" level=info msg="{\n\t\"Msg\":\"操作成功\",\n\t\"StatusCode\":\"0\"\n}" func=simretina/core/apis.Logout file="apis.go:71"
time="2022-07-15 17:20:18" level=info msg="{\n\t\"Msg\":\"操作成功\",\n\t\"StatusCode\":\"0\"\n}" func=simretina/core/apis.Keepalive file="apis.go:99"
time="2022-07-15 17:20:18" level=info msg="&{YYYY-MM-DD hh:mm:ss.ss     }" func=simretina/core/apis.DeviceStatus file="apis.go:136"
time="2022-07-15 17:20:18" level=info msg="{\n\t\"timestamp\":\"2022-07-15 17:20:18\",\n\t\"status\":404,\n\t\"error\":\"Not Found\",\n\t\"path\":\"/api/v1/szswm/DeviceStatus\"\n}" func=simretina/core/apis.DeviceStatus file="apis.go:150"
time="2022-07-15 17:20:18" level=info msg="{\n\t\"code\":500,\n\t\"data\":null,\n\t\"msg\":\"该设备尚未建立连接\",\n\t\"traceMessage\":\"\"\n}" func=simretina/core/apis.AlgModelUpdate file="apis.go:377"
time="2022-07-15 17:20:18" level=info msg="{\n\t\"code\":500,\n\t\"data\":null,\n\t\"msg\":\"该设备尚未建立连接\",\n\t\"traceMessage\":\"\"\n}" func=simretina/core/apis.AlgResultQuery file="apis.go:399"
time="2022-07-15 17:20:18" level=info msg="{\n\t\"code\":500,\n\t\"data\":null,\n\t\"msg\":\"该设备尚未建立连接\",\n\t\"traceMessage\":\"\"\n}" func=simretina/core/apis.AlgModelDelete file="apis.go:419"
time="2022-07-15 17:20:18" level=info msg="{\n\t\"code\":500,\n\t\"data\":null,\n\t\"msg\":\"该设备尚未建立连接\",\n\t\"traceMessage\":\"\"\n}" func=simretina/core/apis.BaseConfig file="apis.go:439"
time="2022-07-15 17:20:18" level=info msg="{\n\t\"code\":500,\n\t\"data\":null,\n\t\"msg\":\"该设备尚未建立连接\",\n\t\"traceMessage\":\"\"\n}" func=simretina/core/apis.DeviceRestart file="apis.go:461"
time="2022-07-15 17:20:18" level=info msg="{\n\t\"code\":500,\n\t\"data\":null,\n\t\"msg\":\"该设备尚未建立连接\",\n\t\"traceMessage\":\"\"\n}" func=simretina/core/apis.DeviceShutDown file="apis.go:481"
time="2022-07-15 17:20:18" level=info msg="{\n\t\"code\":500,\n\t\"data\":null,\n\t\"msg\":\"该设备尚未建立连接\",\n\t\"traceMessage\":\"\"\n}" func=simretina/core/apis.DeviceStatusQuery file="apis.go:501"
time="2022-07-15 17:20:18" level=info msg="{\n\t\"code\":500,\n\t\"data\":null,\n\t\"msg\":\"该设备尚未建立连接\",\n\t\"traceMessage\":\"\"\n}" func=simretina/core/apis.Extend file="apis.go:521"
time="2022-07-15 17:20:18" level=info msg="{\n\t\"code\":500,\n\t\"data\":null,\n\t\"msg\":\"该设备尚未建立连接\",\n\t\"traceMessage\":\"\"\n}" func=simretina/core/apis.FunctionDefine file="apis.go:541"
time="2022-07-15 17:20:18" level=info msg="{\n\t\"code\":500,\n\t\"data\":null,\n\t\"msg\":\"该设备尚未建立连接\",\n\t\"traceMessage\":\"\"\n}" func=simretina/core/apis.ImageQuery file="apis.go:561"
time="2022-07-15 17:20:18" level=info msg="{\n\t\"code\":500,\n\t\"data\":null,\n\t\"msg\":\"该设备尚未建立连接\",\n\t\"traceMessage\":\"\"\n}" func=simretina/core/apis.Transcode file="apis.go:581"
time="2022-07-15 17:20:18" level=info msg="{\n\t\"code\":500,\n\t\"data\":null,\n\t\"msg\":\"该设备尚未建立连接\",\n\t\"traceMessage\":\"\"\n}" func=simretina/core/apis.VideoQuery file="apis.go:601"
time="2022-07-15 17:20:18" level=info msg="{\n\t\"code\":500,\n\t\"data\":null,\n\t\"msg\":\"Required request body is missing: public com.xw.szswm.dto.szswm.report.response.FeatureDataResponse com.xw.szswm.controller.SzswmReportController.featureData(byte[])\",\n\t\"traceMessage\":\"\"\n}" func=simretina/core/apis.Data file="apis.go:171"
time="2022-07-15 17:20:18" level=info msg="{\n\t\"Msg\":\"操作成功\",\n\t\"StatusCode\":\"0\"\n}" func=simretina/core/apis.FeatureInfo file="apis.go:192"
time="2022-07-15 17:20:18" level=info msg="{\n\t\"code\":500,\n\t\"data\":null,\n\t\"msg\":\"Required request body is missing: public com.xw.szswm.dto.szswm.CommonResponse com.xw.szswm.controller.SzswmReportController.imageInfo(com.xw.szswm.dto.szswm.report.request.ImageInfo)\",\n\t\"traceMessage\":\"\"\n}" func=simretina/core/apis.ImageInfo file="apis.go:213"
time="2022-07-15 17:20:18" level=info msg="{\n\t\"code\":500,\n\t\"data\":null,\n\t\"msg\":\"Required request body is missing: public com.xw.szswm.dto.szswm.report.response.ImagesDataResponse com.xw.szswm.controller.SzswmReportController.imagesData(byte[])\",\n\t\"traceMessage\":\"\"\n}" func=simretina/core/apis.ImagesData file="apis.go:232"
time="2022-07-15 17:20:18" level=info func=simretina/core/apis.ModelQuery file="apis.go:252"
time="2022-07-15 17:20:18" level=info msg="{\n\t\"Msg\":\"操作成功\",\n\t\"StatusCode\":\"0\"\n}" func=simretina/core/apis.AlgStatus file="apis.go:274"
time="2022-07-15 17:20:18" level=info msg="{\n\t\"Msg\":\"操作成功\",\n\t\"StatusCode\":\"0\"\n}" func=simretina/core/apis.TranscodeStatus file="apis.go:296"
time="2022-07-15 17:20:18" level=info msg="{\n\t\"code\":500,\n\t\"data\":null,\n\t\"msg\":\"JSON parse error: Text '44030100001400000001' could not be parsed at index 0; nested exception is com.alibaba.fastjson.JSONException: Text '44030100001400000001' could not be parsed at index 0\",\n\t\"traceMessage\":\"\"\n}" func=simretina/core/apis.ExtendData file="apis.go:316"
time="2022-07-15 17:20:18" level=info msg="{\n\t\"code\":500,\n\t\"data\":null,\n\t\"msg\":\"HV000030: No validator could be found for constraint 'javax.validation.constraints.NotBlank' validating type 'java.lang.Double'. Check configuration for 'videoLen'\",\n\t\"traceMessage\":\"\"\n}" func=simretina/core/apis.VideoSliceInfo file="apis.go:336"
time="2022-07-15 17:20:19" level=info msg="{\n\t\"code\":500,\n\t\"data\":null,\n\t\"msg\":\"Required request body is missing: public com.xw.szswm.dto.szswm.CommonResponse com.xw.szswm.controller.SzswmReportController.videoSliceInfo(com.xw.szswm.dto.szswm.report.request.VideoSliceInfo)\",\n\t\"traceMessage\":\"\"\n}" func=simretina/core/apis.VideoSlicesData file="apis.go:355"
time="2022-07-15 17:38:07" level=info msg=simretina/v1.0.0 func=main.main file="main.go:15"
time="2022-07-15 17:38:07" level=info msg="读取配置" func=go.pfgit.cn/letsgo/xdev.ReadConfig file="xconfig.go:41" configFile=./configs/config.toml
time="2022-07-15 17:38:07" level=info msg="字段tag信息:{key:common.db_conn commit:false defaultValue: structField:{Name: PkgPath: Type:<nil> Tag: Offset:0 Index:[] Anonymous:false} fieldValue:{typ:<nil> ptr:<nil> flag:0} sysConfig:false notNull:false}" func=go.pfgit.cn/letsgo/xdev.readStructTagInfo file="xconfig.go:262"
time="2022-07-15 17:38:07" level=info msg="字段tag信息:{key:common.log_level commit:false defaultValue:INFO structField:{Name: PkgPath: Type:<nil> Tag: Offset:0 Index:[] Anonymous:false} fieldValue:{typ:<nil> ptr:<nil> flag:0} sysConfig:false notNull:false}" func=go.pfgit.cn/letsgo/xdev.readStructTagInfo file="xconfig.go:262"
time="2022-07-15 17:38:07" level=info msg="字段tag信息:{key:common.host_port commit:false defaultValue:http://172.16.1.101:30082 structField:{Name: PkgPath: Type:<nil> Tag: Offset:0 Index:[] Anonymous:false} fieldValue:{typ:<nil> ptr:<nil> flag:0} sysConfig:false notNull:false}" func=go.pfgit.cn/letsgo/xdev.readStructTagInfo file="xconfig.go:262"
time="2022-07-15 17:38:07" level=info msg="ConnStr=titan/xianwei@127.0.0.1:3306@titandb" func=go.pfgit.cn/letsgo/xdev.ReadConfig file="xconfig.go:146"
time="2022-07-15 17:38:07" level=info msg="{\n\t\"Msg\":\"\",\n\t\"StatusCode\":\"0\",\n\t\"Token\":\"eyJhbGciOiJIUzI1NiJ9.eyJwYXNzd29yZCI6IjEyMzQ1NiIsInVzZXJOYW1lIjoiem5oIiwiZXhwIjoxNjU3ODg1MDg3LCJkZXZpY2VJZCI6IjQ0MDMwMTAwMDAxNDAwMDAwMDAxIn0.41C4Y4i1Cp79CNjQ6Sbiqk-jblyp1hObXqHv97A3CIY\"\n}" func=simretina/core/apis.Login file="apis.go:41"
time="2022-07-15 17:38:07" level=info msg="{\n\t\"Msg\":\"操作成功\",\n\t\"StatusCode\":\"0\"\n}" func=simretina/core/apis.Logout file="apis.go:74"
time="2022-07-15 17:49:22" level=info msg=simretina/v1.0.0 func=main.main file="main.go:15"
time="2022-07-15 17:49:22" level=info msg="读取配置" func=go.pfgit.cn/letsgo/xdev.ReadConfig file="xconfig.go:41" configFile=./configs/config.toml
time="2022-07-15 17:49:22" level=info msg="字段tag信息:{key:common.db_conn commit:false defaultValue: structField:{Name: PkgPath: Type:<nil> Tag: Offset:0 Index:[] Anonymous:false} fieldValue:{typ:<nil> ptr:<nil> flag:0} sysConfig:false notNull:false}" func=go.pfgit.cn/letsgo/xdev.readStructTagInfo file="xconfig.go:262"
time="2022-07-15 17:49:22" level=info msg="字段tag信息:{key:common.log_level commit:false defaultValue:INFO structField:{Name: PkgPath: Type:<nil> Tag: Offset:0 Index:[] Anonymous:false} fieldValue:{typ:<nil> ptr:<nil> flag:0} sysConfig:false notNull:false}" func=go.pfgit.cn/letsgo/xdev.readStructTagInfo file="xconfig.go:262"
time="2022-07-15 17:49:22" level=info msg="字段tag信息:{key:common.host_port commit:false defaultValue:http://172.16.1.101:30082 structField:{Name: PkgPath: Type:<nil> Tag: Offset:0 Index:[] Anonymous:false} fieldValue:{typ:<nil> ptr:<nil> flag:0} sysConfig:false notNull:false}" func=go.pfgit.cn/letsgo/xdev.readStructTagInfo file="xconfig.go:262"
time="2022-07-15 17:49:22" level=info msg="ConnStr=titan/xianwei@127.0.0.1:3306@titandb" func=go.pfgit.cn/letsgo/xdev.ReadConfig file="xconfig.go:146"
time="2022-07-15 17:49:22" level=info msg="{\n\t\"Msg\":\"\",\n\t\"StatusCode\":\"0\",\n\t\"Token\":\"eyJhbGciOiJIUzI1NiJ9.eyJwYXNzd29yZCI6IjEyMzQ1NiIsInVzZXJOYW1lIjoiem5oIiwiZXhwIjoxNjU3ODg1NzYyLCJkZXZpY2VJZCI6IjQ0MDMwMTAwMDAxNDAwMDAwMDAxIn0.THRL0-R5NSd66Ks4VVbUMdyz-8AX4y-GhrKTyDR6lkg\"\n}" func=simretina/core/apis.Login file="apis.go:41"
time="2022-07-15 17:49:22" level=info msg="{\n\t\"Msg\":\"操作成功\",\n\t\"StatusCode\":\"0\"\n}" func=simretina/core/apis.Logout file="apis.go:74"
time="2022-07-15 17:49:22" level=info msg="{\n\t\"Msg\":\"操作成功\",\n\t\"StatusCode\":\"0\"\n}" func=simretina/core/apis.Keepalive file="apis.go:105"
time="2022-07-15 17:49:22" level=info msg="&{YYYY-MM-DD hh:mm:ss.ss     }" func=simretina/core/apis.DeviceStatus file="apis.go:150"
time="2022-07-15 17:49:22" level=info msg="{\n\t\"timestamp\":\"2022-07-15 17:49:22\",\n\t\"status\":404,\n\t\"error\":\"Not Found\",\n\t\"path\":\"/api/v1/szswm/DeviceStatus\"\n}" func=simretina/core/apis.DeviceStatus file="apis.go:164"
time="2022-07-15 17:49:22" level=info msg="{\n\t\"code\":500,\n\t\"data\":null,\n\t\"msg\":\"该设备尚未建立连接\",\n\t\"traceMessage\":\"\"\n}" func=simretina/core/apis.AlgModelUpdate file="apis.go:432"
time="2022-07-15 17:49:22" level=info msg="{\n\t\"code\":500,\n\t\"data\":null,\n\t\"msg\":\"该设备尚未建立连接\",\n\t\"traceMessage\":\"\"\n}" func=simretina/core/apis.AlgResultQuery file="apis.go:458"
time="2022-07-15 17:49:22" level=info msg="{\n\t\"code\":500,\n\t\"data\":null,\n\t\"msg\":\"该设备尚未建立连接\",\n\t\"traceMessage\":\"\"\n}" func=simretina/core/apis.AlgModelDelete file="apis.go:482"
time="2022-07-15 17:49:23" level=info msg="{\n\t\"code\":500,\n\t\"data\":null,\n\t\"msg\":\"该设备尚未建立连接\",\n\t\"traceMessage\":\"\"\n}" func=simretina/core/apis.BaseConfig file="apis.go:506"
time="2022-07-15 17:49:23" level=info msg="{\n\t\"code\":500,\n\t\"data\":null,\n\t\"msg\":\"该设备尚未建立连接\",\n\t\"traceMessage\":\"\"\n}" func=simretina/core/apis.DeviceRestart file="apis.go:532"
time="2022-07-15 17:49:23" level=info msg="{\n\t\"code\":500,\n\t\"data\":null,\n\t\"msg\":\"该设备尚未建立连接\",\n\t\"traceMessage\":\"\"\n}" func=simretina/core/apis.DeviceShutDown file="apis.go:556"
time="2022-07-15 17:49:23" level=info msg="{\n\t\"code\":500,\n\t\"data\":null,\n\t\"msg\":\"该设备尚未建立连接\",\n\t\"traceMessage\":\"\"\n}" func=simretina/core/apis.DeviceStatusQuery file="apis.go:580"
time="2022-07-15 17:49:23" level=info msg="{\n\t\"code\":500,\n\t\"data\":null,\n\t\"msg\":\"该设备尚未建立连接\",\n\t\"traceMessage\":\"\"\n}" func=simretina/core/apis.Extend file="apis.go:604"
time="2022-07-15 17:49:23" level=info msg="{\n\t\"code\":500,\n\t\"data\":null,\n\t\"msg\":\"该设备尚未建立连接\",\n\t\"traceMessage\":\"\"\n}" func=simretina/core/apis.FunctionDefine file="apis.go:628"
time="2022-07-15 17:49:23" level=info msg="{\n\t\"code\":500,\n\t\"data\":null,\n\t\"msg\":\"该设备尚未建立连接\",\n\t\"traceMessage\":\"\"\n}" func=simretina/core/apis.ImageQuery file="apis.go:652"
time="2022-07-15 17:49:23" level=info msg="{\n\t\"code\":500,\n\t\"data\":null,\n\t\"msg\":\"该设备尚未建立连接\",\n\t\"traceMessage\":\"\"\n}" func=simretina/core/apis.Transcode file="apis.go:676"
time="2022-07-15 17:49:23" level=info msg="{\n\t\"code\":500,\n\t\"data\":null,\n\t\"msg\":\"该设备尚未建立连接\",\n\t\"traceMessage\":\"\"\n}" func=simretina/core/apis.VideoQuery file="apis.go:700"
time="2022-07-15 17:49:23" level=info msg="{\n\t\"code\":500,\n\t\"data\":null,\n\t\"msg\":\"Required request body is missing: public com.xw.szswm.dto.szswm.report.response.FeatureDataResponse com.xw.szswm.controller.SzswmReportController.featureData(byte[])\",\n\t\"traceMessage\":\"\"\n}" func=simretina/core/apis.Data file="apis.go:188"
time="2022-07-15 17:49:23" level=info msg="{\n\t\"Msg\":\"操作成功\",\n\t\"StatusCode\":\"0\"\n}" func=simretina/core/apis.FeatureInfo file="apis.go:213"
time="2022-07-15 17:49:23" level=info msg="{\n\t\"code\":500,\n\t\"data\":null,\n\t\"msg\":\"Required request body is missing: public com.xw.szswm.dto.szswm.CommonResponse com.xw.szswm.controller.SzswmReportController.imageInfo(com.xw.szswm.dto.szswm.report.request.ImageInfo)\",\n\t\"traceMessage\":\"\"\n}" func=simretina/core/apis.ImageInfo file="apis.go:238"
time="2022-07-15 17:49:23" level=info msg="{\n\t\"code\":500,\n\t\"data\":null,\n\t\"msg\":\"Required request body is missing: public com.xw.szswm.dto.szswm.report.response.ImagesDataResponse com.xw.szswm.controller.SzswmReportController.imagesData(byte[])\",\n\t\"traceMessage\":\"\"\n}" func=simretina/core/apis.ImagesData file="apis.go:260"
time="2022-07-15 17:49:23" level=info func=simretina/core/apis.ModelQuery file="apis.go:284"
time="2022-07-15 17:49:23" level=info msg="{\n\t\"Msg\":\"操作成功\",\n\t\"StatusCode\":\"0\"\n}" func=simretina/core/apis.AlgStatus file="apis.go:310"
time="2022-07-15 17:49:23" level=info msg="{\n\t\"Msg\":\"操作成功\",\n\t\"StatusCode\":\"0\"\n}" func=simretina/core/apis.TranscodeStatus file="apis.go:336"
time="2022-07-15 17:49:23" level=info msg="{\n\t\"code\":500,\n\t\"data\":null,\n\t\"msg\":\"JSON parse error: Text '44030100001400000001' could not be parsed at index 0; nested exception is com.alibaba.fastjson.JSONException: Text '44030100001400000001' could not be parsed at index 0\",\n\t\"traceMessage\":\"\"\n}" func=simretina/core/apis.ExtendData file="apis.go:360"
time="2022-07-15 17:49:23" level=info msg="{\n\t\"code\":500,\n\t\"data\":null,\n\t\"msg\":\"HV000030: No validator could be found for constraint 'javax.validation.constraints.NotBlank' validating type 'java.lang.Double'. Check configuration for 'videoLen'\",\n\t\"traceMessage\":\"\"\n}" func=simretina/core/apis.VideoSliceInfo file="apis.go:383"
time="2022-07-15 17:49:23" level=info msg="{\n\t\"code\":500,\n\t\"data\":null,\n\t\"msg\":\"Required request body is missing: public com.xw.szswm.dto.szswm.CommonResponse com.xw.szswm.controller.SzswmReportController.videoSliceInfo(com.xw.szswm.dto.szswm.report.request.VideoSliceInfo)\",\n\t\"traceMessage\":\"\"\n}" func=simretina/core/apis.VideoSlicesData file="apis.go:406"
